{"total": {"lines":{"total":33,"covered":33,"skipped":0,"pct":100},"statements":{"total":33,"covered":33,"skipped":0,"pct":100},"functions":{"total":1,"covered":1,"skipped":0,"pct":100},"branches":{"total":11,"covered":11,"skipped":0,"pct":100},"branchesTrue":{"total":0,"covered":0,"skipped":0,"pct":"Unknown"}}
,"/workspace/services/auth-service/src/handler.js": {"lines":{"total":33,"covered":33,"skipped":0,"pct":100},"functions":{"total":1,"covered":1,"skipped":0,"pct":100},"statements":{"total":33,"covered":33,"skipped":0,"pct":100},"branches":{"total":11,"covered":11,"skipped":0,"pct":100}}
}
